(0.002) 
            SELECT c.relname, c.relkind
            FROM pg_catalog.pg_class c
            LEFT JOIN pg_catalog.pg_namespace n ON n.oid = c.relnamespace
            WHERE c.relkind IN ('r', 'v')
                AND n.nspname NOT IN ('pg_catalog', 'pg_toast')
                AND pg_catalog.pg_table_is_visible(c.oid); args=None
(0.000) SELECT "django_migrations"."app", "django_migrations"."name" FROM "django_migrations"; args=()
(0.001) SELECT "django_session"."session_key", "django_session"."session_data", "django_session"."expire_date" FROM "django_session" WHERE ("django_session"."session_key" = 'hdx4ruq50lbp7lvv284vbyfl7b1opu8z' AND "django_session"."expire_date" > '2017-01-09T19:20:28.141685+00:00'::timestamptz); args=('hdx4ruq50lbp7lvv284vbyfl7b1opu8z', datetime.datetime(2017, 1, 9, 19, 20, 28, 141685, tzinfo=<UTC>))
(0.002) UPDATE "django_session" SET "session_data" = 'NDE1MzNiMTg0NDFhZmE0YjBlYWYxOWQ3ZGI1MDBkNzMzYmI3MWE0Yzp7ImFkbWluIjowLCJ1aWQiOiJhZGJAdnQuZWR1In0=', "expire_date" = '2017-01-23T19:20:28.166244+00:00'::timestamptz WHERE "django_session"."session_key" = 'hdx4ruq50lbp7lvv284vbyfl7b1opu8z'; args=(u'NDE1MzNiMTg0NDFhZmE0YjBlYWYxOWQ3ZGI1MDBkNzMzYmI3MWE0Yzp7ImFkbWluIjowLCJ1aWQiOiJhZGJAdnQuZWR1In0=', datetime.datetime(2017, 1, 23, 19, 20, 28, 166244, tzinfo=<UTC>), 'hdx4ruq50lbp7lvv284vbyfl7b1opu8z')
(0.002) SELECT "django_session"."session_key", "django_session"."session_data", "django_session"."expire_date" FROM "django_session" WHERE ("django_session"."session_key" = 'hdx4ruq50lbp7lvv284vbyfl7b1opu8z' AND "django_session"."expire_date" > '2017-01-09T19:20:37.442838+00:00'::timestamptz); args=('hdx4ruq50lbp7lvv284vbyfl7b1opu8z', datetime.datetime(2017, 1, 9, 19, 20, 37, 442838, tzinfo=<UTC>))
(0.001) UPDATE "django_session" SET "session_data" = 'NTJiZjRjM2JiNjk2YTVhYTM4M2ZhNmM2MjU3Mjg1OTg0ZDVjYTEwZTp7ImFkbWluIjowfQ==', "expire_date" = '2017-01-23T19:20:37.451822+00:00'::timestamptz WHERE "django_session"."session_key" = 'hdx4ruq50lbp7lvv284vbyfl7b1opu8z'; args=(u'NTJiZjRjM2JiNjk2YTVhYTM4M2ZhNmM2MjU3Mjg1OTg0ZDVjYTEwZTp7ImFkbWluIjowfQ==', datetime.datetime(2017, 1, 23, 19, 20, 37, 451822, tzinfo=<UTC>), 'hdx4ruq50lbp7lvv284vbyfl7b1opu8z')
(0.001) SELECT "django_session"."session_key", "django_session"."session_data", "django_session"."expire_date" FROM "django_session" WHERE ("django_session"."session_key" = 'hdx4ruq50lbp7lvv284vbyfl7b1opu8z' AND "django_session"."expire_date" > '2017-01-09T19:20:37.470112+00:00'::timestamptz); args=('hdx4ruq50lbp7lvv284vbyfl7b1opu8z', datetime.datetime(2017, 1, 9, 19, 20, 37, 470112, tzinfo=<UTC>))
(0.001) UPDATE "django_session" SET "session_data" = 'YjRlNzI3ODQwMDliNmIxODcyZWZhOWM2MWY5ZWUzYjlkODFiZmFlNTp7ImFkbWluIjowLCJ1aWQiOm51bGx9', "expire_date" = '2017-01-23T19:20:37.486872+00:00'::timestamptz WHERE "django_session"."session_key" = 'hdx4ruq50lbp7lvv284vbyfl7b1opu8z'; args=(u'YjRlNzI3ODQwMDliNmIxODcyZWZhOWM2MWY5ZWUzYjlkODFiZmFlNTp7ImFkbWluIjowLCJ1aWQiOm51bGx9', datetime.datetime(2017, 1, 23, 19, 20, 37, 486872, tzinfo=<UTC>), 'hdx4ruq50lbp7lvv284vbyfl7b1opu8z')
(0.002) SELECT "django_session"."session_key", "django_session"."session_data", "django_session"."expire_date" FROM "django_session" WHERE ("django_session"."session_key" = 'hdx4ruq50lbp7lvv284vbyfl7b1opu8z' AND "django_session"."expire_date" > '2017-01-09T19:20:39.935413+00:00'::timestamptz); args=('hdx4ruq50lbp7lvv284vbyfl7b1opu8z', datetime.datetime(2017, 1, 9, 19, 20, 39, 935413, tzinfo=<UTC>))
(0.001) UPDATE "django_session" SET "session_data" = 'NDE1MzNiMTg0NDFhZmE0YjBlYWYxOWQ3ZGI1MDBkNzMzYmI3MWE0Yzp7ImFkbWluIjowLCJ1aWQiOiJhZGJAdnQuZWR1In0=', "expire_date" = '2017-01-23T19:20:40.293572+00:00'::timestamptz WHERE "django_session"."session_key" = 'hdx4ruq50lbp7lvv284vbyfl7b1opu8z'; args=(u'NDE1MzNiMTg0NDFhZmE0YjBlYWYxOWQ3ZGI1MDBkNzMzYmI3MWE0Yzp7ImFkbWluIjowLCJ1aWQiOiJhZGJAdnQuZWR1In0=', datetime.datetime(2017, 1, 23, 19, 20, 40, 293572, tzinfo=<UTC>), 'hdx4ruq50lbp7lvv284vbyfl7b1opu8z')
(0.001) SELECT "django_session"."session_key", "django_session"."session_data", "django_session"."expire_date" FROM "django_session" WHERE ("django_session"."session_key" = 'hdx4ruq50lbp7lvv284vbyfl7b1opu8z' AND "django_session"."expire_date" > '2017-01-09T19:20:40.319117+00:00'::timestamptz); args=('hdx4ruq50lbp7lvv284vbyfl7b1opu8z', datetime.datetime(2017, 1, 9, 19, 20, 40, 319117, tzinfo=<UTC>))
(0.002) UPDATE "django_session" SET "session_data" = 'NDE1MzNiMTg0NDFhZmE0YjBlYWYxOWQ3ZGI1MDBkNzMzYmI3MWE0Yzp7ImFkbWluIjowLCJ1aWQiOiJhZGJAdnQuZWR1In0=', "expire_date" = '2017-01-23T19:20:40.333352+00:00'::timestamptz WHERE "django_session"."session_key" = 'hdx4ruq50lbp7lvv284vbyfl7b1opu8z'; args=(u'NDE1MzNiMTg0NDFhZmE0YjBlYWYxOWQ3ZGI1MDBkNzMzYmI3MWE0Yzp7ImFkbWluIjowLCJ1aWQiOiJhZGJAdnQuZWR1In0=', datetime.datetime(2017, 1, 23, 19, 20, 40, 333352, tzinfo=<UTC>), 'hdx4ruq50lbp7lvv284vbyfl7b1opu8z')
(0.002) 
            SELECT c.relname, c.relkind
            FROM pg_catalog.pg_class c
            LEFT JOIN pg_catalog.pg_namespace n ON n.oid = c.relnamespace
            WHERE c.relkind IN ('r', 'v')
                AND n.nspname NOT IN ('pg_catalog', 'pg_toast')
                AND pg_catalog.pg_table_is_visible(c.oid); args=None
(0.000) SELECT "django_migrations"."app", "django_migrations"."name" FROM "django_migrations"; args=()
(0.002) 
            SELECT c.relname, c.relkind
            FROM pg_catalog.pg_class c
            LEFT JOIN pg_catalog.pg_namespace n ON n.oid = c.relnamespace
            WHERE c.relkind IN ('r', 'v')
                AND n.nspname NOT IN ('pg_catalog', 'pg_toast')
                AND pg_catalog.pg_table_is_visible(c.oid); args=None
(0.001) SELECT "django_migrations"."app", "django_migrations"."name" FROM "django_migrations"; args=()
